<?xml version="1.0" encoding="UTF-8"?>
<!-- Generated by org.testng.reporters.JUnitReportReporter -->
<testsuite hostname="Nts-UjwalGai" failures="0" tests="3" name="com.restassured.api.crud.operations.nonbddstyle.CreateIds" time="7.471" errors="0" timestamp="2024-07-01T12:13:28 IST" skipped="0">
  <testcase classname="com.restassured.api.crud.operations.nonbddstyle.CreateIds" name="generateToken" time="4.058"/>
  <testcase classname="com.restassured.api.crud.operations.nonbddstyle.CreateIds" name="generateBookingId" time="1.731"/>
  <testcase classname="com.restassured.api.crud.operations.nonbddstyle.CreateIds" name="updateBooking" time="1.682"/>
</testsuite> <!-- com.restassured.api.crud.operations.nonbddstyle.CreateIds -->
