<?xml version="1.0" encoding="UTF-8"?>
<!-- Generated by org.testng.reporters.JUnitReportReporter -->
<testsuite hostname="Nts-UjwalGai" failures="0" tests="2" name="com.restassured.api.base.data.TestNgMethods" time="0.069" errors="0" timestamp="2024-06-30T20:10:54 IST" skipped="0">
  <testcase classname="com.restassured.api.base.data.TestNgMethods" name="testA" time="0.066"/>
  <testcase classname="com.restassured.api.base.data.TestNgMethods" name="testB" time="0.003"/>
</testsuite> <!-- com.restassured.api.base.data.TestNgMethods -->
