<?xml version="1.0" encoding="UTF-8"?>
<!-- Generated by org.testng.reporters.JUnitReportReporter -->
<testsuite hostname="Nts-UjwalGai" failures="0" tests="1" name="com.restassured.api.crud.operations.nonbddstyle.PostRequestNonBdd" time="2.821" errors="0" timestamp="2024-06-25T12:22:18 IST" skipped="0">
  <testcase classname="com.restassured.api.crud.operations.nonbddstyle.PostRequestNonBdd" name="postRequestUsingNonBddStyle" time="2.821"/>
</testsuite> <!-- com.restassured.api.crud.operations.nonbddstyle.PostRequestNonBdd -->
