<?xml version="1.0" encoding="UTF-8"?>
<!-- Generated by org.testng.reporters.JUnitReportReporter -->
<testsuite hostname="Nts-UjwalGai" failures="0" tests="1" name="com.restassured.api.gson.method.CreateBookingUsingGson" time="3.909" errors="0" timestamp="2024-07-03T18:28:38 IST" skipped="0">
  <testcase classname="com.restassured.api.gson.method.CreateBookingUsingGson" name="addBookings" time="3.909"/>
</testsuite> <!-- com.restassured.api.gson.method.CreateBookingUsingGson -->
