<?xml version="1.0" encoding="UTF-8"?>
<!-- Generated by org.testng.reporters.JUnitReportReporter -->
<testsuite hostname="Nts-UjwalGai" failures="0" tests="1" name="com.restassured.api.crud.operations.nonbddstyle.GetRequestNonBdd" time="4.007" errors="0" timestamp="2024-06-27T19:58:27 IST" skipped="0">
  <testcase classname="com.restassured.api.crud.operations.nonbddstyle.GetRequestNonBdd" name="getRequestUsingNonBdd" time="4.007"/>
</testsuite> <!-- com.restassured.api.crud.operations.nonbddstyle.GetRequestNonBdd -->
