<?xml version="1.0" encoding="UTF-8"?>
<!-- Generated by org.testng.reporters.JUnitReportReporter -->
<testsuite hostname="Nts-UjwalGai" failures="0" tests="2" name="com.restassured.api.crud.operations.GetRequest" time="3.265" errors="0" timestamp="2024-06-24T19:45:35 IST" skipped="0">
  <testcase classname="com.restassured.api.crud.operations.GetRequest" name="getRequestUsingNonBdd" time="1.606"/>
  <testcase classname="com.restassured.api.crud.operations.GetRequest" name="getRequestUsingBDD" time="1.659"/>
</testsuite> <!-- com.restassured.api.crud.operations.GetRequest -->
