<?xml version="1.0" encoding="UTF-8"?>
<!-- Generated by org.testng.reporters.JUnitReportReporter -->
<testsuite hostname="Nts-UjwalGai" failures="0" tests="1" name="com.restassured.api.crud.operations.nonbddstyle.DeleteRequestNonBdd" time="2.409" errors="0" timestamp="2024-06-25T15:55:48 IST" skipped="0">
  <testcase classname="com.restassured.api.crud.operations.nonbddstyle.DeleteRequestNonBdd" name="deleteBookingUsingNonBdd" time="2.409"/>
</testsuite> <!-- com.restassured.api.crud.operations.nonbddstyle.DeleteRequestNonBdd -->
