<?xml version="1.0" encoding="UTF-8"?>
<!-- Generated by org.testng.reporters.JUnitReportReporter -->
<testsuite hostname="Nts-UjwalGai" failures="0" tests="1" name="RestAsssuredProject.com.restasssured.api.DemoTest" time="1.166" errors="0" timestamp="2024-06-21T12:37:56 IST" skipped="0">
  <testcase classname="RestAsssuredProject.com.restasssured.api.DemoTest" name="getAllRequest" time="1.166"/>
</testsuite> <!-- RestAsssuredProject.com.restasssured.api.DemoTest -->
