<?xml version="1.0" encoding="UTF-8"?>
<!-- Generated by org.testng.reporters.JUnitReportReporter -->
<testsuite hostname="Nts-UjwalGai" failures="0" tests="1" name="com.restassured.api.crud.operations.PostRequest" time="3.631" errors="0" timestamp="2024-06-24T19:45:35 IST" skipped="0">
  <testcase classname="com.restassured.api.crud.operations.PostRequest" name="postRequestUsingNonBddStyle" time="3.631"/>
</testsuite> <!-- com.restassured.api.crud.operations.PostRequest -->
