<?xml version="1.0" encoding="UTF-8"?>
<!-- Generated by org.testng.reporters.JUnitReportReporter -->
<testsuite hostname="Nts-UjwalGai" failures="0" tests="1" name="com.restassured.api.crud.operations.bddstyle.GetRequestBdd" time="1.514" errors="0" timestamp="2024-06-25T12:22:18 IST" skipped="0">
  <testcase classname="com.restassured.api.crud.operations.bddstyle.GetRequestBdd" name="getRequestUsingBDD" time="1.514"/>
</testsuite> <!-- com.restassured.api.crud.operations.bddstyle.GetRequestBdd -->
