<?xml version="1.0" encoding="UTF-8"?>
<!-- Generated by org.testng.reporters.JUnitReportReporter -->
<testsuite hostname="Nts-UjwalGai" failures="0" tests="3" name="RestAsssuredProject.com.restasssured.api.DemoTestNg" time="5.381" errors="0" timestamp="2024-06-21T18:00:19 IST" skipped="0">
  <testcase classname="RestAsssuredProject.com.restasssured.api.DemoTestNg" name="getAllBookings" time="2.784"/>
  <testcase classname="RestAsssuredProject.com.restasssured.api.DemoTestNg" name="getAllBookingss" time="1.270"/>
  <testcase classname="RestAsssuredProject.com.restasssured.api.DemoTestNg" name="getAllPings" time="1.327"/>
</testsuite> <!-- RestAsssuredProject.com.restasssured.api.DemoTestNg -->
