<?xml version="1.0" encoding="UTF-8"?>
<!-- Generated by org.testng.reporters.JUnitReportReporter -->
<testsuite hostname="Nts-UjwalGai" failures="0" tests="1" name="com.restassured.api.crud.operations.nonbddstyle.GetByIdRequestNonBdd" time="3.731" errors="0" timestamp="2024-06-27T20:04:34 IST" skipped="0">
  <testcase classname="com.restassured.api.crud.operations.nonbddstyle.GetByIdRequestNonBdd" name="getByIDRequestUsingNonBdd" time="3.731"/>
</testsuite> <!-- com.restassured.api.crud.operations.nonbddstyle.GetByIdRequestNonBdd -->
