<?xml version="1.0" encoding="UTF-8"?>
<!-- Generated by org.testng.reporters.JUnitReportReporter -->
<testsuite hostname="Nts-UjwalGai" failures="0" tests="1" name="com.restassured.api.crud.operations.nonbddstyle.PatchRequestNonBdd" time="3.241" errors="0" timestamp="2024-06-25T14:20:14 IST" skipped="0">
  <testcase classname="com.restassured.api.crud.operations.nonbddstyle.PatchRequestNonBdd" name="fetchUpdatedDetailsOfBooking" time="3.241"/>
</testsuite> <!-- com.restassured.api.crud.operations.nonbddstyle.PatchRequestNonBdd -->
