<?xml version="1.0" encoding="UTF-8"?>
<!-- Generated by org.testng.reporters.JUnitReportReporter -->
<testsuite hostname="Nts-UjwalGai" failures="0" tests="2" name="com.restassured.api.base.data.BaseUrls" time="0.068" errors="0" timestamp="2024-06-30T20:00:52 IST" skipped="0">
  <testcase classname="com.restassured.api.base.data.BaseUrls" name="testB" time="0.003"/>
  <testcase classname="com.restassured.api.base.data.BaseUrls" name="testA" time="0.065"/>
</testsuite> <!-- com.restassured.api.base.data.BaseUrls -->
